time="2024-02-21T12:15:38+06:00" level=info msg="User on the page." action=registerPage status=success
time="2024-02-21T12:15:43+06:00" level=error msg="User with login: 'JohnDoe' already exists. Try again." action=createUser error="User with login: 'JohnDoe' already exists. Try again." status=error
time="2024-02-21T12:15:53+06:00" level=error msg="User with login: 'JohnDoe' already exists. Try again." action=createUser error="User with login: 'JohnDoe' already exists. Try again." status=error
time="2024-02-21T12:16:20+06:00" level=info msg="User on the page." action=registerPage status=success
time="2024-02-21T12:16:27+06:00" level=error msg="User with login: 'JohnDoe' already exists. Try again." action=createUser error="User with login: 'JohnDoe' already exists. Try again." status=error
time="2024-02-21T12:16:38+06:00" level=info msg="User on the page." action=registerPage status=success
time="2024-02-21T12:16:42+06:00" level=error msg="Incorrect login or password entered. Try again." action=login error="mongo: no documents in result" status=error
time="2024-02-21T12:17:06+06:00" level=info msg="User login successfully" action=login loginID=65aca836b15b4cba0689fd13 status=success
time="2024-02-21T12:17:06+06:00" level=info msg="User accessed the collection page" action=collection status=success userID=1
time="2024-02-21T12:17:50+06:00" level=info msg="User on the admin page" action=admin status=success
time="2024-02-21T12:17:50+06:00" level=info msg="User on the page." action=registerPage status=success
time="2024-02-22T15:12:21+06:00" level=info msg="User on the page." action=registerPage status=success
time="2024-02-22T15:12:24+06:00" level=info msg="User on the page." action=registerPage status=success
time="2024-02-22T15:12:44+06:00" level=info msg=Admin action=login status=success
time="2024-02-22T15:12:44+06:00" level=info msg="User on the admin page" action=admin status=success
time="2024-02-22T15:12:58+06:00" level=error msg="Incorrect login or password entered. Try again." action=login error="mongo: no documents in result" status=error
time="2024-02-22T15:13:18+06:00" level=info msg="User login successfully" action=login status=success
time="2024-02-22T15:13:19+06:00" level=info msg="User accessed the collection page" action=collection status=success userID=1
time="2024-02-22T15:14:46+06:00" level=info msg="User on the page." action=registerPage status=success
time="2024-02-22T15:14:50+06:00" level=error msg="User with login: 'JohnDoe' already exists. Try again." action=createUser error="User with login: 'JohnDoe' already exists. Try again." status=error
time="2024-02-22T15:15:13+06:00" level=info msg="User on the page." action=registerPage status=success
time="2024-02-22T15:15:21+06:00" level=error msg="User with login: 'JohnDoe' already exists. Try again." action=createUser error="User with login: 'JohnDoe' already exists. Try again." status=error
time="2024-02-22T15:15:30+06:00" level=info msg="User created successfully. Log in to the account" action=createUser status=success
time="2024-02-22T15:15:34+06:00" level=info msg="User on the page." action=registerPage status=success
time="2024-02-22T15:15:47+06:00" level=error msg="Incorrect login or password entered. Try again." action=login error="mongo: no documents in result" status=error
time="2024-02-22T15:15:53+06:00" level=info msg="User login successfully" action=login status=success
time="2024-02-22T15:15:53+06:00" level=info msg="User accessed the collection page" action=collection status=success userID=1
time="2024-02-22T20:53:16+06:00" level=info msg="User accessed the collection page" action=collection status=success userID=1
time="2024-02-22T20:55:39+06:00" level=info msg="User accessed the collection page" action=collection status=success userID=1
time="2024-02-22T20:55:49+06:00" level=info msg="User accessed the collection page" action=collection status=success userID=1
time="2024-02-22T20:58:04+06:00" level=error msg="Error parsing template file 'collection.html'" action=collection error="template: collection.html:118: function \"User_id\" not defined" status=error
time="2024-02-22T20:58:26+06:00" level=info msg="User accessed the collection page" action=collection status=success userID=1
time="2024-02-22T21:00:25+06:00" level=info msg="User accessed the collection page" action=collection status=success userID=1
time="2024-02-22T21:01:29+06:00" level=info msg="User accessed the collection page" action=collection status=success userID=1
time="2024-02-22T21:12:55+06:00" level=info msg="User accessed the collection page" action=collection status=success userID=1
time="2024-02-22T21:16:35+06:00" level=info msg="User accessed the collection page" action=collection status=success userID=1
time="2024-02-22T21:16:40+06:00" level=info msg="User accessed the collection page" action=collection status=success userID=1
time="2024-02-22T21:18:27+06:00" level=info msg="User accessed the collection page" action=collection status=success userID=1
time="2024-02-22T21:49:16+06:00" level=info msg="User accessed the collection page" action=collection status=success userID=1
time="2024-02-22T21:49:20+06:00" level=info msg="User on the dailyQuestions page" action=dailyQuestions status=success
time="2024-02-22T21:50:35+06:00" level=info msg="User on the dailyQuestions page" action=dailyQuestions status=success
time="2024-02-22T22:01:48+06:00" level=info msg="User on the dailyQuestions page" action=dailyQuestions status=success
time="2024-02-22T22:04:14+06:00" level=error msg="Error parse file 'daily_card.html'" action=dailyQuestions error="template: daily_card.html:78: function \"loop\" not defined" status=error
time="2024-02-22T22:05:34+06:00" level=info msg="User on the dailyQuestions page" action=dailyQuestions status=success
time="2024-02-22T22:06:22+06:00" level=info msg="User on the dailyQuestions page" action=dailyQuestions status=success
time="2024-02-22T22:09:18+06:00" level=info msg="User on the dailyQuestions page" action=dailyQuestions status=success
time="2024-02-22T22:09:24+06:00" level=info msg="User on the dailyQuestions page" action=dailyQuestions status=success
time="2024-02-22T22:10:32+06:00" level=info msg="User on the dailyQuestions page" action=dailyQuestions status=success
time="2024-02-22T22:11:31+06:00" level=info msg="User on the dailyQuestions page" action=dailyQuestions status=success
time="2024-02-23T14:46:54+06:00" level=info msg="User on the dailyQuestions page" action=dailyQuestions status=success
time="2024-02-23T14:47:07+06:00" level=info msg="User on the page." action=registerPage status=success
time="2024-02-23T14:48:37+06:00" level=info msg="User login successfully" action=login status=success
time="2024-02-23T14:48:37+06:00" level=info msg="User accessed the collection page" action=collection status=success userID=1
time="2024-02-23T14:49:17+06:00" level=info msg="User on the dailyQuestions page" action=dailyQuestions status=success
time="2024-02-23T15:40:12+06:00" level=info msg="User on the dailyQuestions page" action=dailyQuestions status=success
time="2024-02-23T15:40:17+06:00" level=info msg="User on the dailyQuestions page" action=dailyQuestions status=success
time="2024-02-23T15:40:59+06:00" level=info msg="User on the dailyQuestions page" action=dailyQuestions status=success
time="2024-02-23T15:41:44+06:00" level=info msg="User on the dailyQuestions page" action=dailyQuestions status=success
time="2024-02-23T15:41:44+06:00" level=info msg="User on the dailyQuestions page" action=dailyQuestions status=success
time="2024-02-23T15:43:01+06:00" level=info msg="User on the dailyQuestions page" action=dailyQuestions status=success
time="2024-02-23T15:43:02+06:00" level=info msg="User on the dailyQuestions page" action=dailyQuestions status=success
time="2024-02-23T15:49:09+06:00" level=info msg="User on the dailyQuestions page" action=dailyQuestions status=success
time="2024-02-23T15:49:21+06:00" level=info msg="The card Mikel Arteta has been added to your collection successfully." action=guveCard status=success
time="2024-02-23T16:14:40+06:00" level=info msg="User accessed the collection page" action=collection status=success userID=1
time="2024-02-23T16:34:19+06:00" level=info msg="User on the dailyQuestions page" action=dailyQuestions status=success
time="2024-02-23T16:34:51+06:00" level=info msg="User on the dailyQuestions page" action=dailyQuestions status=success
time="2024-02-23T16:45:13+06:00" level=info msg="User on the dailyQuestions page" action=dailyQuestions status=success
time="2024-02-23T16:46:21+06:00" level=info msg="User on the dailyQuestions page" action=dailyQuestions status=success
time="2024-02-23T16:46:27+06:00" level=info msg="The answers submitted. Good luck getting your new card tomorrow!" action=giveCard status=success
time="2024-02-23T16:46:39+06:00" level=info msg="The answers submitted. Good luck getting your new card tomorrow!" action=giveCard status=success
time="2024-02-23T16:53:50+06:00" level=info msg="User on the dailyQuestions page" action=dailyQuestions status=success
time="2024-02-23T16:53:56+06:00" level=info msg="The answers submitted. Good luck getting your new card tomorrow!" action=giveCard status=success
time="2024-02-23T16:54:18+06:00" level=info msg="User on the dailyQuestions page" action=dailyQuestions status=success
time="2024-02-23T16:54:57+06:00" level=info msg="User on the dailyQuestions page" action=dailyQuestions status=success
time="2024-02-23T16:57:24+06:00" level=info msg="User on the dailyQuestions page" action=dailyQuestions status=success
time="2024-02-23T16:57:25+06:00" level=info msg="User on the dailyQuestions page" action=dailyQuestions status=success
time="2024-02-23T16:58:04+06:00" level=info msg="User on the dailyQuestions page" action=dailyQuestions status=success
time="2024-02-23T16:58:17+06:00" level=info msg="User on the dailyQuestions page" action=dailyQuestions status=success
time="2024-02-23T16:58:46+06:00" level=info msg="User on the dailyQuestions page" action=dailyQuestions status=success
time="2024-02-23T16:58:47+06:00" level=info msg="User on the dailyQuestions page" action=dailyQuestions status=success
time="2024-02-23T16:59:10+06:00" level=info msg="User on the dailyQuestions page" action=dailyQuestions status=success
time="2024-02-23T16:59:17+06:00" level=info msg="User on the page." action=registerPage status=success
time="2024-02-23T16:59:19+06:00" level=info msg="User on the page." action=registerPage status=success
time="2024-02-23T16:59:38+06:00" level=info msg="User login successfully" action=login status=success
time="2024-02-23T16:59:38+06:00" level=info msg="User accessed the collection page" action=collection status=success userID=2
time="2024-02-23T16:59:46+06:00" level=info msg="User on the dailyQuestions page" action=dailyQuestions status=success
time="2024-02-23T16:59:51+06:00" level=info msg="The answers submitted. Good luck getting your new card tomorrow!" action=giveCard status=success
time="2024-02-23T17:00:00+06:00" level=info msg="User on the dailyQuestions page" action=dailyQuestions status=success
time="2024-02-23T17:00:43+06:00" level=info msg="User on the dailyQuestions page" action=dailyQuestions status=success
time="2024-02-23T17:00:47+06:00" level=info msg="The answers submitted. Good luck getting your new card tomorrow!" action=giveCard status=success
time="2024-02-23T17:01:07+06:00" level=info msg="User on the dailyQuestions page" action=dailyQuestions status=success
time="2024-02-23T17:01:50+06:00" level=info msg="User on the dailyQuestions page" action=dailyQuestions status=success
time="2024-02-23T17:01:58+06:00" level=info msg="The answers submitted. Good luck getting your new card tomorrow!" action=giveCard status=success
time="2024-02-23T17:02:26+06:00" level=info msg="User on the dailyQuestions page" action=dailyQuestions status=success
time="2024-02-23T17:02:52+06:00" level=info msg="The answers submitted. Good luck getting your new card tomorrow!" action=giveCard status=success
time="2024-02-23T17:02:58+06:00" level=info msg="User on the dailyQuestions page" action=dailyQuestions status=success
time="2024-02-23T17:04:32+06:00" level=info msg="User on the dailyQuestions page" action=dailyQuestions status=success
time="2024-02-23T17:04:42+06:00" level=info msg="The answers submitted. Good luck getting your new card tomorrow!" action=giveCard status=success
time="2024-02-23T17:06:46+06:00" level=info msg="User on the dailyQuestions page" action=dailyQuestions status=success
time="2024-02-23T17:09:44+06:00" level=info msg="User accessed the collection page" action=collection status=success userID=2
time="2024-02-23T17:28:35+06:00" level=info msg="User accessed the collection page" action=collection status=success userID=2
time="2024-02-23T21:30:04+06:00" level=info msg="User on the page." action=registerPage status=success
time="2024-02-23T21:30:05+06:00" level=info msg="User on the page." action=registerPage status=success
time="2024-02-23T21:30:11+06:00" level=error msg="Incorrect login or password entered. Try again." action=login error="mongo: no documents in result" status=error
time="2024-02-23T21:30:34+06:00" level=info msg="User login successfully" action=login status=success
time="2024-02-23T21:30:34+06:00" level=info msg="User accessed the collection page" action=collection status=success userID=3
time="2024-02-23T21:31:26+06:00" level=info msg="User accessed the collection page" action=collection status=success userID=3
time="2024-02-23T21:31:30+06:00" level=info msg="User accessed the collection page" action=collection status=success userID=3
time="2024-02-23T21:31:30+06:00" level=info msg="User accessed the collection page" action=collection status=success userID=3
time="2024-02-23T21:31:39+06:00" level=info msg="User accessed the collection page" action=collection status=success userID=3
time="2024-02-23T21:32:38+06:00" level=info msg="User on the dailyQuestions page" action=dailyQuestions status=success
time="2024-02-23T21:33:32+06:00" level=info msg="The answers submitted. Good luck getting your new card tomorrow!" action=giveCard status=success
time="2024-02-23T21:33:43+06:00" level=info msg="User on the page." action=registerPage status=success
time="2024-02-23T21:34:00+06:00" level=info msg="User login successfully" action=login status=success
time="2024-02-23T21:34:00+06:00" level=info msg="User accessed the collection page" action=collection status=success userID=3
time="2024-02-23T21:34:09+06:00" level=info msg="User on the dailyQuestions page" action=dailyQuestions status=success
time="2024-02-23T21:34:15+06:00" level=info msg="User on the page." action=registerPage status=success
time="2024-02-23T21:34:15+06:00" level=info msg="User on the page." action=registerPage status=success
time="2024-02-23T21:34:23+06:00" level=info msg="User login successfully" action=login status=success
time="2024-02-23T21:34:23+06:00" level=error msg="User has no players in collection." action=collection error="mongo: no documents in result" status=error
time="2024-02-23T21:34:36+06:00" level=info msg="User on the dailyQuestions page" action=dailyQuestions status=success
time="2024-02-23T21:34:57+06:00" level=info msg="User on the page." action=registerPage status=success
time="2024-02-23T21:34:59+06:00" level=info msg="User on the page." action=registerPage status=success
time="2024-02-23T21:35:11+06:00" level=error msg="Incorrect login or password entered. Try again." action=login error="mongo: no documents in result" status=error
time="2024-02-23T21:35:18+06:00" level=error msg="Incorrect login or password entered. Try again." action=login error="mongo: no documents in result" status=error
time="2024-02-23T21:35:26+06:00" level=error msg="Incorrect login or password entered. Try again." action=login error="mongo: no documents in result" status=error
time="2024-02-23T21:35:40+06:00" level=info msg="User login successfully" action=login status=success
time="2024-02-23T21:35:40+06:00" level=info msg="User accessed the collection page" action=collection status=success userID=5
time="2024-02-23T21:35:47+06:00" level=info msg="User on the dailyQuestions page" action=dailyQuestions status=success
time="2024-02-23T21:36:53+06:00" level=info msg="The answers submitted. Good luck getting your new card tomorrow!" action=giveCard status=success
time="2024-02-23T21:37:00+06:00" level=info msg="User on the page." action=registerPage status=success
time="2024-02-24T09:38:49+06:00" level=info msg="User login successfully" action=login status=success
time="2024-02-24T09:38:49+06:00" level=info msg="User accessed the collection page" action=collection status=success userID=3
time="2024-02-24T09:39:15+06:00" level=info msg="User accessed the collection page" action=collection status=success userID=3
time="2024-02-24T09:48:20+06:00" level=info msg="User accessed the collection page" action=collection status=success userID=3
time="2024-02-24T09:48:35+06:00" level=info msg="User accessed the collection page" action=collection status=success userID=3
time="2024-02-24T19:43:29+06:00" level=info msg="User accessed the collection page" action=collection status=success userID=3
time="2024-02-24T19:43:38+06:00" level=error msg="User unauthorized." action=collection status=error
time="2024-02-24T19:43:38+06:00" level=info msg="User on the page." action=registerPage status=success
time="2024-02-24T19:50:00+06:00" level=error msg="User unauthorized." action=collection status=error
time="2024-02-24T19:50:00+06:00" level=info msg="User on the page." action=registerPage status=success
time="2024-02-24T19:59:27+06:00" level=info msg="User on the page." action=registerPage status=success
time="2024-02-24T19:59:41+06:00" level=info msg="User on the page." action=registerPage status=success
time="2024-02-24T20:10:36+06:00" level=info msg="User on the page." action=registerPage status=success
time="2024-02-24T20:10:44+06:00" level=info msg="User login successfully" action=login status=success
time="2024-02-24T20:10:44+06:00" level=error msg="User has no players in collection." action=collection error="mongo: no documents in result" status=error
time="2024-02-24T20:10:44+06:00" level=info msg="User accessed the collection page" action=collection status=success userID=151
time="2024-02-24T20:10:44+06:00" level=error msg="Failed to fetch team data." action=getTeam error="mongo: no documents in result" status=error
time="2024-02-24T20:10:55+06:00" level=info msg="User on the market page" action=market status=success
time="2024-02-24T20:10:55+06:00" level=info msg="Data was printed" action=marketCards page=1 status=success
time="2024-02-24T20:36:10+06:00" level=error msg="User has no players in collection." action=collection error="mongo: no documents in result" status=error
time="2024-02-24T20:36:10+06:00" level=info msg="User accessed the collection page" action=collection status=success userID=151
time="2024-02-24T20:36:15+06:00" level=error msg="User has no players in collection." action=collection error="mongo: no documents in result" status=error
time="2024-02-24T20:36:15+06:00" level=info msg="User accessed the collection page" action=collection status=success userID=151
time="2024-02-24T20:49:13+06:00" level=error msg="User has no players in collection." action=collection error="mongo: no documents in result" status=error
time="2024-02-24T20:49:13+06:00" level=info msg="User accessed the collection page" action=collection status=success userID=151
time="2024-02-24T20:49:13+06:00" level=error msg="Failed to fetch team data." action=getTeam error="mongo: no documents in result" status=error
time="2024-02-24T20:49:20+06:00" level=info msg="User on the admin page" action=admin status=success
time="2024-02-24T20:49:53+06:00" level=info msg="User on the page." action=registerPage status=success
time="2024-02-24T20:50:03+06:00" level=info msg=Admin action=login status=success
time="2024-02-24T20:50:03+06:00" level=info msg="User on the admin page" action=admin status=success
time="2024-02-24T20:50:48+06:00" level=info msg="User on the admin page" action=admin status=success
time="2024-02-24T20:52:08+06:00" level=info msg="User on the admin page" action=admin status=success
time="2024-02-24T20:53:23+06:00" level=info msg="User on the admin page" action=admin status=success
time="2024-02-24T20:54:31+06:00" level=info msg="User on the admin page" action=admin status=success
time="2024-02-24T20:55:52+06:00" level=info msg="User on the admin page" action=admin status=success
time="2024-02-24T20:58:56+06:00" level=info msg="User on the admin page" action=admin status=success
time="2024-02-24T20:59:59+06:00" level=info msg="User on the admin page" action=admin status=success
time="2024-02-24T21:11:36+06:00" level=info msg="User on the admin page" action=admin status=success
time="2024-02-24T21:11:50+06:00" level=info msg="User on the admin page" action=admin status=success
time="2024-02-24T21:13:18+06:00" level=info msg="User on the admin page" action=admin status=success
time="2024-02-24T22:06:04+06:00" level=info msg="User on the admin page" action=admin status=success
time="2024-02-24T22:06:52+06:00" level=info msg="User on the admin page" action=admin status=success
time="2024-02-24T22:07:01+06:00" level=info msg="Users was deleted." action=deleteUser status=success
time="2024-02-24T22:07:09+06:00" level=info msg="User on the admin page" action=admin status=success
time="2024-02-24T22:12:53+06:00" level=info msg="User on the admin page" action=admin status=success
time="2024-02-24T22:13:02+06:00" level=info msg="Users was deleted." action=deleteUser status=success
time="2024-02-25T10:43:41+06:00" level=info msg="User on the admin page" action=admin status=success
time="2024-02-25T10:43:48+06:00" level=info msg="User on the page." action=registerPage status=success
time="2024-02-25T10:43:50+06:00" level=info msg="User on the page." action=registerPage status=success
time="2024-02-25T10:44:06+06:00" level=info msg="User login successfully" action=login status=success
time="2024-02-25T10:44:07+06:00" level=info msg="User accessed the collection page" action=collection status=success userID=1
time="2024-02-25T10:44:35+06:00" level=info msg="Team saved successfully." action=saveTeam status=success
time="2024-02-25T10:51:22+06:00" level=info msg="User on the market page" action=market status=success
time="2024-02-25T10:51:22+06:00" level=info msg="Data was printed" action=marketCards page=1 status=success
time="2024-02-25T10:51:42+06:00" level=info msg="Data was printed" action=marketCards page=2 status=success
time="2024-02-25T10:51:45+06:00" level=info msg="Data was printed" action=marketCards page=3 status=success
time="2024-02-25T10:51:49+06:00" level=info msg="Data was printed" action=marketCards page=4 status=success
time="2024-02-25T10:51:50+06:00" level=info msg="Data was printed" action=marketCards page=5 status=success
time="2024-02-25T10:51:52+06:00" level=info msg="Data was printed" action=marketCards page=6 status=success
time="2024-02-25T10:51:53+06:00" level=info msg="Data was printed" action=marketCards page=7 status=success
time="2024-02-25T10:51:54+06:00" level=info msg="Data was printed" action=marketCards page=8 status=success
time="2024-02-25T10:52:00+06:00" level=info msg="Data was sorted by card_id.name" action=marketCards page=1 sortBy=card_id.name status=success
time="2024-02-25T10:53:35+06:00" level=info msg="User on the market page" action=market status=success
time="2024-02-25T10:53:35+06:00" level=info msg="Data was printed" action=marketCards page=1 status=success
time="2024-02-25T10:53:39+06:00" level=info msg="Data was printed" action=marketCards page=2 status=success
time="2024-02-25T10:53:39+06:00" level=info msg="Data was printed" action=marketCards page=3 status=success
time="2024-02-25T10:53:40+06:00" level=info msg="Data was printed" action=marketCards page=4 status=success
time="2024-02-25T10:53:40+06:00" level=info msg="Data was printed" action=marketCards page=5 status=success
time="2024-02-25T10:53:40+06:00" level=info msg="Data was printed" action=marketCards page=6 status=success
time="2024-02-25T10:53:41+06:00" level=info msg="Data was printed" action=marketCards page=7 status=success
time="2024-02-25T10:53:42+06:00" level=info msg="Data was printed" action=marketCards page=8 status=success
time="2024-02-25T10:53:47+06:00" level=info msg="Data was sorted by card_id.name" action=marketCards page=1 sortBy=card_id.name status=success
time="2024-02-25T10:54:00+06:00" level=info msg="Data was sorted by card_id.name" action=marketCards page=2 sortBy=card_id.name status=success
time="2024-02-25T10:54:00+06:00" level=info msg="Data was sorted by card_id.name" action=marketCards page=3 sortBy=card_id.name status=success
time="2024-02-25T10:54:01+06:00" level=info msg="Data was sorted by card_id.name" action=marketCards page=4 sortBy=card_id.name status=success
time="2024-02-25T10:54:02+06:00" level=info msg="Data was sorted by card_id.name" action=marketCards page=5 sortBy=card_id.name status=success
time="2024-02-25T10:54:03+06:00" level=info msg="Data was sorted by card_id.name" action=marketCards page=6 sortBy=card_id.name status=success
time="2024-02-25T10:54:03+06:00" level=info msg="Data was sorted by card_id.name" action=marketCards page=7 sortBy=card_id.name status=success
time="2024-02-25T10:54:04+06:00" level=info msg="Data was sorted by card_id.name" action=marketCards page=8 sortBy=card_id.name status=success
time="2024-02-25T10:54:09+06:00" level=info msg="Data was sorted by card_id.name and filtered by Forward" action=marketCards filter=Forward page=1 sortBy=card_id.name status=success
time="2024-02-25T10:54:17+06:00" level=info msg="Data was sorted by card_id.name and filtered by Forward" action=marketCards filter=Forward page=2 sortBy=card_id.name status=success
time="2024-02-25T10:54:17+06:00" level=info msg="Data was sorted by card_id.name and filtered by Forward" action=marketCards filter=Forward page=3 sortBy=card_id.name status=success
time="2024-02-25T10:54:18+06:00" level=info msg="Data was sorted by card_id.name and filtered by Forward" action=marketCards filter=Forward page=4 sortBy=card_id.name status=success
time="2024-02-25T10:54:22+06:00" level=info msg="Data was sorted by card_id.card_id and filtered by Forward" action=marketCards filter=Forward page=1 sortBy=card_id.card_id status=success
time="2024-02-25T10:54:29+06:00" level=info msg="Data was sorted by card_id.card_id and filtered by Forward" action=marketCards filter=Forward page=2 sortBy=card_id.card_id status=success
time="2024-02-25T10:54:33+06:00" level=info msg="Data was sorted by card_id.card_id and filtered by Midfielder" action=marketCards filter=Midfielder page=1 sortBy=card_id.card_id status=success
time="2024-02-25T10:54:43+06:00" level=info msg="Data was sorted by card_id.card_id and filtered by Midfielder" action=marketCards filter=Midfielder page=1 sortBy=card_id.card_id status=success
time="2024-02-25T10:54:47+06:00" level=info msg="Data was sorted by card_id.card_id and filtered by Defender" action=marketCards filter=Defender page=1 sortBy=card_id.card_id status=success
time="2024-02-25T10:55:05+06:00" level=info msg="Data was sorted by card_id.card_id and filtered by Defender" action=marketCards filter=Defender page=2 sortBy=card_id.card_id status=success
time="2024-02-25T10:55:10+06:00" level=info msg="Data was sorted by card_id.card_id and filtered by Defender" action=marketCards filter=Defender page=3 sortBy=card_id.card_id status=success
time="2024-02-25T10:55:15+06:00" level=info msg="Data was sorted by card_id.card_id and filtered by Defender" action=marketCards filter=Defender page=4 sortBy=card_id.card_id status=success
time="2024-02-25T10:55:22+06:00" level=info msg="Data was sorted by card_id.card_id and filtered by Defender" action=marketCards filter=Defender page=5 sortBy=card_id.card_id status=success
time="2024-02-25T10:55:26+06:00" level=info msg="Data was sorted by card_id.card_id and filtered by Goalkeeper" action=marketCards filter=Goalkeeper page=1 sortBy=card_id.card_id status=success
time="2024-02-25T10:55:39+06:00" level=info msg="Data was sorted by card_id.card_id and filtered by Goalkeeper" action=marketCards filter=Goalkeeper page=2 sortBy=card_id.card_id status=success
time="2024-02-25T10:55:49+06:00" level=info msg="Data was sorted by card_id.card_id and filtered by Manager" action=marketCards filter=Manager page=1 sortBy=card_id.card_id status=success
time="2024-02-25T10:55:53+06:00" level=info msg="Data was sorted by card_id.card_id and filtered by Manager" action=marketCards filter=Manager page=2 sortBy=card_id.card_id status=success
time="2024-02-25T10:55:54+06:00" level=info msg="Data was sorted by card_id.card_id and filtered by Manager" action=marketCards filter=Manager page=3 sortBy=card_id.card_id status=success
time="2024-02-25T10:55:55+06:00" level=info msg="Data was sorted by card_id.card_id and filtered by Manager" action=marketCards filter=Manager page=4 sortBy=card_id.card_id status=success
time="2024-02-25T10:55:56+06:00" level=info msg="Data was sorted by card_id.card_id and filtered by Manager" action=marketCards filter=Manager page=5 sortBy=card_id.card_id status=success
time="2024-02-25T10:55:56+06:00" level=info msg="Data was sorted by card_id.card_id and filtered by Manager" action=marketCards filter=Manager page=6 sortBy=card_id.card_id status=success
time="2024-02-25T10:55:57+06:00" level=info msg="Data was sorted by card_id.card_id and filtered by Manager" action=marketCards filter=Manager page=7 sortBy=card_id.card_id status=success
time="2024-02-25T10:55:58+06:00" level=info msg="Data was sorted by card_id.card_id and filtered by Manager" action=marketCards filter=Manager page=8 sortBy=card_id.card_id status=success
time="2024-02-25T10:56:10+06:00" level=info msg="Data was sorted by card_id.name and filtered by Manager" action=marketCards filter=Manager page=1 sortBy=card_id.name status=success
time="2024-02-25T11:35:25+06:00" level=info msg="User on the page." action=registerPage status=success
time="2024-02-25T11:35:27+06:00" level=info msg="User on the page." action=registerPage status=success
time="2024-02-25T11:35:35+06:00" level=info msg="User created successfully. Log in to the account" action=createUser status=success
time="2024-02-25T11:35:38+06:00" level=info msg="User on the page." action=registerPage status=success
time="2024-02-25T13:01:01+06:00" level=info msg="User on the page." action=registerPage status=success
time="2024-02-25T13:02:07+06:00" level=info msg="User login successfully" action=login status=success
time="2024-02-25T13:02:07+06:00" level=info msg="User accessed the collection page" action=collection status=success userID=151
time="2024-02-25T13:02:15+06:00" level=info msg="User on the market page" action=market status=success
time="2024-02-25T13:02:16+06:00" level=info msg="Data was printed" action=marketCards page=1 status=success
time="2024-02-25T14:38:14+06:00" level=info msg="User on the market page" action=market status=success
time="2024-02-25T14:38:14+06:00" level=info msg="Data was printed" action=marketCards page=1 status=success
time="2024-02-25T14:38:20+06:00" level=info msg="User accessed the collection page" action=collection status=success userID=151
time="2024-02-25T14:41:01+06:00" level=info msg="User on the page." action=registerPage status=success
time="2024-02-25T14:41:43+06:00" level=info msg="User login successfully" action=login status=success
time="2024-02-25T14:41:43+06:00" level=info msg="User accessed the collection page" action=collection status=success userID=1
time="2024-02-25T14:47:45+06:00" level=info msg="User accessed the collection page" action=collection status=success userID=1
time="2024-02-25T16:28:57+06:00" level=info msg="User on the page." action=registerPage status=success
time="2024-02-25T16:28:59+06:00" level=info msg="User on the page." action=registerPage status=success
time="2024-02-25T16:29:58+06:00" level=info msg="User login successfully" action=login status=success
time="2024-02-25T16:29:58+06:00" level=info msg="User accessed the collection page" action=collection status=success userID=151
time="2024-02-25T18:07:42+06:00" level=info msg="User on the page." action=registerPage status=success
time="2024-02-25T18:07:42+06:00" level=info msg="User on the page." action=registerPage status=success
time="2024-02-25T18:07:57+06:00" level=info msg="User login successfully" action=login status=success
time="2024-02-25T18:11:08+06:00" level=info msg="User on the page." action=registerPage status=success
time="2024-02-25T18:13:05+06:00" level=error msg="Error parse file 'daily_card.html'" action=homePage error="template: homepage.html:49: bad character U+005B '['" status=error
time="2024-02-25T18:13:07+06:00" level=error msg="Error parse file 'daily_card.html'" action=homePage error="template: homepage.html:49: bad character U+005B '['" status=error
time="2024-02-25T18:13:15+06:00" level=error msg="Error parse file 'daily_card.html'" action=homePage error="template: homepage.html:49: unexpected \"(\" in operand" status=error
time="2024-02-25T18:16:07+06:00" level=info msg="User accessed the collection page" action=collection status=success userID=151
time="2024-02-25T18:16:34+06:00" level=info msg="User on the dailyQuestions page" action=dailyQuestions status=success
time="2024-02-25T18:16:39+06:00" level=info msg="User on the market page" action=market status=success
time="2024-02-25T18:16:39+06:00" level=info msg="Data was printed" action=marketCards page=1 status=success
time="2024-02-25T18:16:42+06:00" level=info msg="User on the dailyQuestions page" action=dailyQuestions status=success
time="2024-02-25T18:36:53+06:00" level=info msg="User accessed the collection page" action=collection status=success userID=151
time="2024-02-25T18:36:56+06:00" level=info msg="User accessed the collection page" action=collection status=success userID=151
time="2024-02-25T18:55:45+06:00" level=info msg="User on the market page" action=market status=success
time="2024-02-25T18:55:45+06:00" level=info msg="Data was printed" action=marketCards page=1 status=success
time="2024-02-25T18:56:05+06:00" level=info msg="User on the market page" action=market status=success
time="2024-02-25T18:56:05+06:00" level=info msg="Data was printed" action=marketCards page=1 status=success
time="2024-02-25T18:56:10+06:00" level=info msg="User on the market page" action=market status=success
time="2024-02-25T18:56:10+06:00" level=info msg="Data was printed" action=marketCards page=1 status=success
time="2024-02-26T12:55:32+06:00" level=error msg="Error parsing template file 'collection.html'" action=collection error="template: collection.html:130: unexpected {{end}}" status=error
time="2024-02-26T12:55:35+06:00" level=error msg="Error parsing template file 'collection.html'" action=collection error="template: collection.html:130: unexpected {{end}}" status=error
time="2024-02-26T12:55:37+06:00" level=info msg="User on the market page" action=market status=success
time="2024-02-26T12:55:37+06:00" level=info msg="Data was printed" action=marketCards page=1 status=success
time="2024-02-26T12:55:41+06:00" level=error msg="Error parse file 'daily_card.html'" action=dailyQuestions error="template: daily_card.html:86: unexpected {{end}}" status=error
time="2024-02-26T12:56:38+06:00" level=info msg="User on the market page" action=market status=success
time="2024-02-26T12:56:38+06:00" level=info msg="Data was printed" action=marketCards page=1 status=success
time="2024-02-26T12:56:42+06:00" level=error msg="Error parsing template file 'collection.html'" action=collection error="template: collection.html:130: unexpected {{end}}" status=error
time="2024-02-26T12:58:06+06:00" level=info msg="User accessed the collection page" action=collection status=success userID=151
time="2024-02-26T12:59:20+06:00" level=info msg="User accessed the collection page" action=collection status=success userID=151
time="2024-02-26T12:59:30+06:00" level=info msg="User on the market page" action=market status=success
time="2024-02-26T12:59:30+06:00" level=info msg="Data was printed" action=marketCards page=1 status=success
time="2024-02-26T12:59:33+06:00" level=info msg="User on the dailyQuestions page" action=dailyQuestions status=success
time="2024-02-26T13:01:38+06:00" level=info msg="User on the dailyQuestions page" action=dailyQuestions status=success
time="2024-02-26T13:01:44+06:00" level=info msg="User on the market page" action=market status=success
time="2024-02-26T13:01:44+06:00" level=info msg="Data was printed" action=marketCards page=1 status=success
time="2024-02-26T13:01:47+06:00" level=info msg="User accessed the collection page" action=collection status=success userID=151
time="2024-02-26T13:02:12+06:00" level=info msg="User accessed the collection page" action=collection status=success userID=151
time="2024-02-26T13:04:59+06:00" level=info msg="User accessed the collection page" action=collection status=success userID=151
time="2024-02-26T13:06:32+06:00" level=info msg="User accessed the collection page" action=collection status=success userID=151
time="2024-02-26T13:06:45+06:00" level=info msg="User on the market page" action=market status=success
time="2024-02-26T13:06:45+06:00" level=info msg="Data was printed" action=marketCards page=1 status=success
time="2024-02-26T13:06:47+06:00" level=info msg="User on the market page" action=market status=success
time="2024-02-26T13:06:47+06:00" level=info msg="Data was printed" action=marketCards page=1 status=success
time="2024-02-26T13:06:50+06:00" level=info msg="User accessed the collection page" action=collection status=success userID=151
time="2024-02-26T13:09:06+06:00" level=info msg="User accessed the collection page" action=collection status=success userID=151
time="2024-02-26T13:10:27+06:00" level=info msg="User accessed the collection page" action=collection status=success userID=151
time="2024-02-26T13:11:29+06:00" level=info msg="User accessed the collection page" action=collection status=success userID=151
time="2024-02-26T13:13:33+06:00" level=info msg="User accessed the collection page" action=collection status=success userID=151
time="2024-02-26T13:14:59+06:00" level=info msg="User accessed the collection page" action=collection status=success userID=151
time="2024-02-26T15:25:00+06:00" level=info msg="User accessed the collection page" action=collection status=success userID=151
time="2024-02-26T15:41:21+06:00" level=info msg="User accessed the collection page" action=collection status=success userID=151
time="2024-02-26T21:08:56+06:00" level=info msg="User on the page." action=registerPage status=success
time="2024-02-26T21:09:06+06:00" level=info msg="User login successfully" action=login status=success
time="2024-02-26T21:09:26+06:00" level=info msg="User on the market page" action=market status=success
time="2024-02-26T21:09:26+06:00" level=info msg="Data was printed" action=marketCards page=1 status=success
time="2024-02-26T21:09:29+06:00" level=info msg="User accessed the collection page" action=collection status=success userID=151
time="2024-02-26T21:10:19+06:00" level=info msg="User on the market page" action=market status=success
time="2024-02-26T21:10:19+06:00" level=info msg="Data was printed" action=marketCards page=1 status=success
time="2024-02-26T21:10:42+06:00" level=info msg="User accessed the collection page" action=collection status=success userID=151
time="2024-02-26T21:10:57+06:00" level=info msg="User on the market page" action=market status=success
time="2024-02-26T21:10:57+06:00" level=info msg="Data was printed" action=marketCards page=1 status=success
time="2024-02-26T21:11:11+06:00" level=info msg="User on the dailyQuestions page" action=dailyQuestions status=success
